Sat, 18 Jun 2022 15:31:51 util.py[line:27] ERROR Traceback (most recent call last):
  File "C:\Users\NUC\AppData\Local\Wox\app-1.4.1196\Plugins\HelloWorldPython\util.py", line 33, in load_module
    yield
  File "C:\Users\NUC\AppData\Local\Wox\app-1.4.1196\Plugins\HelloWorldPython\main.py", line 8, in <module>
    import pyperclip
ModuleNotFoundError: No module named 'pyperclip'

Sat, 18 Jun 2022 16:06:47 util.py[line:27] ERROR Traceback (most recent call last):
  File "C:\Users\NUC\AppData\Local\Wox\app-1.4.1196\Plugins\HelloWorldPython\util.py", line 43, in wrap
    return func(*args, **kwargs)
  File "C:\Users\NUC\AppData\Local\Wox\app-1.4.1196\Plugins\HelloWorldPython\main.py", line 28, in query
    "SubTitle": "Source: {}".format(querys[0]),
IndexError: list index out of range

Sun, 19 Jun 2022 07:03:07 util.py[line:27] ERROR Traceback (most recent call last):
  File "C:\Users\NUC\AppData\Local\Wox\app-1.4.1196\Plugins\HelloWorldPython\util.py", line 43, in wrap
    return func(*args, **kwargs)
  File "C:\Users\NUC\AppData\Local\Wox\app-1.4.1196\Plugins\HelloWorldPython\main.py", line 76, in query
    url = url + "?" + data
UnboundLocalError: local variable 'url' referenced before assignment

Sun, 19 Jun 2022 07:08:41 util.py[line:27] ERROR Traceback (most recent call last):
  File "C:\Users\NUC\AppData\Local\Wox\app-1.4.1196\Plugins\HelloWorldPython\util.py", line 43, in wrap
    return func(*args, **kwargs)
  File "C:\Users\NUC\AppData\Local\Wox\app-1.4.1196\Plugins\HelloWorldPython\main.py", line 85, in query
    pyperclip.copy(tranmount)
  File "C:\Users\NUC\AppData\Local\Programs\Python\Python39\lib\site-packages\pyperclip\__init__.py", line 659, in lazy_load_stub_copy
    return copy(text)
  File "C:\Users\NUC\AppData\Local\Programs\Python\Python39\lib\site-packages\pyperclip\__init__.py", line 463, in copy_windows
    text = _stringifyText(text) # Converts non-str values to str.
  File "C:\Users\NUC\AppData\Local\Programs\Python\Python39\lib\site-packages\pyperclip\__init__.py", line 111, in _stringifyText
    raise PyperclipException('only str, int, float, and bool values can be copied to the clipboard, not %s' % (text.__class__.__name__))
pyperclip.PyperclipException: only str, int, float, and bool values can be copied to the clipboard, not dict

Sun, 19 Jun 2022 07:35:58 util.py[line:27] ERROR Traceback (most recent call last):
  File "C:\Users\NUC\AppData\Local\Wox\app-1.4.1196\Plugins\HelloWorldPython\util.py", line 43, in wrap
    return func(*args, **kwargs)
  File "C:\Users\NUC\AppData\Local\Wox\app-1.4.1196\Plugins\HelloWorldPython\main.py", line 83, in query
    return[result(key, *value) for key, value in tranmount.items()]
AttributeError: 'list' object has no attribute 'items'

Sun, 19 Jun 2022 07:40:53 util.py[line:27] ERROR Traceback (most recent call last):
  File "C:\Users\NUC\AppData\Local\Wox\app-1.4.1196\Plugins\HelloWorldPython\util.py", line 43, in wrap
    return func(*args, **kwargs)
  File "C:\Users\NUC\AppData\Local\Wox\app-1.4.1196\Plugins\HelloWorldPython\main.py", line 134, in context_menu
    'parameters': [URL[site_title][1]],
KeyError: 'CNY'

